<?xml version="1.0" encoding="UTF-8"?>
<!-- Generated by org.testng.reporters.JUnitReportReporter -->
<testsuite hostname="DESKTOP-CNVDVAH" failures="0" tests="1" name="testNG.TestNGclass" time="0.018" errors="0" timestamp="2023-01-25T23:33:47 IST" skipped="0">
  <testcase classname="testNG.TestNGclass" name="test123" time="0.018"/>
  <system-out/>
</testsuite> <!-- testNG.TestNGclass -->
