<?xml version="1.0" encoding="UTF-8"?>
<!-- Generated by org.testng.reporters.JUnitReportReporter -->
<testsuite hostname="DESKTOP-CNVDVAH" failures="0" tests="6" name="testNG.PrivacyTermsCookies" time="49.111" errors="0" timestamp="2023-02-08T00:13:25 IST" skipped="0">
  <testcase classname="testNG.PrivacyTermsCookies" name="goToTermsButton" time="6.413"/>
  <system-out/>
  <testcase classname="testNG.PrivacyTermsCookies" name="goToTermsButton" time="5.659"/>
  <system-out/>
  <testcase classname="testNG.PrivacyTermsCookies" name="goToPrivacyPolicy" time="18.520"/>
  <system-out/>
  <testcase classname="testNG.PrivacyTermsCookies" name="goToPrivacyPolicy" time="6.182"/>
  <system-out/>
  <testcase classname="testNG.PrivacyTermsCookies" name="goToCookiesPolicy" time="5.947"/>
  <system-out/>
  <testcase classname="testNG.PrivacyTermsCookies" name="goToCookiesPolicy" time="6.390"/>
  <system-out/>
</testsuite> <!-- testNG.PrivacyTermsCookies -->
